[35m[1mScanning dependencies of target std_msgs_generate_messages_py[0m
[35m[1mScanning dependencies of target _mobile_robot_generate_messages_check_deps_amclPose[0m
[  0%] Built target std_msgs_generate_messages_py
[35m[1mScanning dependencies of target std_msgs_generate_messages_lisp[0m
[  0%] Built target std_msgs_generate_messages_lisp
[  0%] Built target _mobile_robot_generate_messages_check_deps_amclPose
[35m[1mScanning dependencies of target std_msgs_generate_messages_eus[0m
[35m[1mScanning dependencies of target std_msgs_generate_messages_cpp[0m
[  0%] Built target std_msgs_generate_messages_eus
[  0%] Built target std_msgs_generate_messages_cpp
[35m[1mScanning dependencies of target std_msgs_generate_messages_nodejs[0m
[35m[1mScanning dependencies of target mobile_robot_generate_messages_py[0m
[  0%] Built target std_msgs_generate_messages_nodejs
[ 14%] [34m[1mGenerating Python code from SRV mobile_robot/amclPose[0m
[35m[1mScanning dependencies of target mobile_robot_generate_messages_lisp[0m
[ 28%] [34m[1mGenerating Lisp code from mobile_robot/amclPose.srv[0m
[ 28%] Built target mobile_robot_generate_messages_lisp
[35m[1mScanning dependencies of target mobile_robot_generate_messages_eus[0m
[ 42%] [34m[1mGenerating EusLisp code from mobile_robot/amclPose.srv[0m
[ 57%] [34m[1mGenerating Python srv __init__.py for mobile_robot[0m
[ 71%] [34m[1mGenerating EusLisp manifest code for mobile_robot[0m
[ 71%] Built target mobile_robot_generate_messages_py
[35m[1mScanning dependencies of target mobile_robot_generate_messages_cpp[0m
[ 85%] [34m[1mGenerating C++ code from mobile_robot/amclPose.srv[0m
[ 85%] Built target mobile_robot_generate_messages_cpp
[35m[1mScanning dependencies of target mobile_robot_generate_messages_nodejs[0m
[100%] [34m[1mGenerating Javascript code from mobile_robot/amclPose.srv[0m
[100%] Built target mobile_robot_generate_messages_nodejs
[100%] Built target mobile_robot_generate_messages_eus
[35m[1mScanning dependencies of target mobile_robot_generate_messages[0m
[100%] Built target mobile_robot_generate_messages
