Symlinking /home/vboxuser/mobile_robot_ws/devel/share/common-lisp/ros/mobile_robot/srv/mobile_robot-srv.asd
Symlinking /home/vboxuser/mobile_robot_ws/devel/share/common-lisp/ros/mobile_robot/srv/_package_amclPose.lisp
Symlinking /home/vboxuser/mobile_robot_ws/devel/share/common-lisp/ros/mobile_robot/srv/amclPose.lisp
Symlinking /home/vboxuser/mobile_robot_ws/devel/share/common-lisp/ros/mobile_robot/srv/_package.lisp
Symlinking /home/vboxuser/mobile_robot_ws/devel/share/mobile_robot/cmake/mobile_robotConfig-version.cmake
Symlinking /home/vboxuser/mobile_robot_ws/devel/share/mobile_robot/cmake/mobile_robot-msg-extras.cmake
Symlinking /home/vboxuser/mobile_robot_ws/devel/share/mobile_robot/cmake/mobile_robot-msg-paths.cmake
Symlinking /home/vboxuser/mobile_robot_ws/devel/share/mobile_robot/cmake/mobile_robotConfig.cmake
Symlinking /home/vboxuser/mobile_robot_ws/devel/share/gennodejs/ros/mobile_robot/_index.js
Symlinking /home/vboxuser/mobile_robot_ws/devel/share/gennodejs/ros/mobile_robot/srv/_index.js
Symlinking /home/vboxuser/mobile_robot_ws/devel/share/gennodejs/ros/mobile_robot/srv/amclPose.js
Symlinking /home/vboxuser/mobile_robot_ws/devel/share/roseus/ros/mobile_robot/manifest.l
Symlinking /home/vboxuser/mobile_robot_ws/devel/share/roseus/ros/mobile_robot/srv/amclPose.l
Symlinking /home/vboxuser/mobile_robot_ws/devel/include/mobile_robot/amclPoseResponse.h
Symlinking /home/vboxuser/mobile_robot_ws/devel/include/mobile_robot/amclPoseRequest.h
Symlinking /home/vboxuser/mobile_robot_ws/devel/include/mobile_robot/amclPose.h
Symlinking /home/vboxuser/mobile_robot_ws/devel/lib/pkgconfig/mobile_robot.pc
Symlinking /home/vboxuser/mobile_robot_ws/devel/lib/python2.7/dist-packages/mobile_robot/__init__.py
Symlinking /home/vboxuser/mobile_robot_ws/devel/lib/python2.7/dist-packages/mobile_robot/srv/_amclPose.py
Symlinking /home/vboxuser/mobile_robot_ws/devel/lib/python2.7/dist-packages/mobile_robot/srv/__init__.py
