Determining if the pthread_create exist failed with the following output:
Change Dir: /home/vboxuser/mobile_robot_ws/build/mobile_robot/CMakeFiles/CMakeTmp

Run Build Command:"/usr/bin/make" "cmTC_f2c8c/fast"
/usr/bin/make -f CMakeFiles/cmTC_f2c8c.dir/build.make CMakeFiles/cmTC_f2c8c.dir/build
make[1]: Entering directory '/home/vboxuser/mobile_robot_ws/build/mobile_robot/CMakeFiles/CMakeTmp'
Building C object CMakeFiles/cmTC_f2c8c.dir/CheckSymbolExists.c.o
/usr/bin/cc    -o CMakeFiles/cmTC_f2c8c.dir/CheckSymbolExists.c.o   -c /home/vboxuser/mobile_robot_ws/build/mobile_robot/CMakeFiles/CMakeTmp/CheckSymbolExists.c
Linking C executable cmTC_f2c8c
/usr/bin/cmake -E cmake_link_script CMakeFiles/cmTC_f2c8c.dir/link.txt --verbose=1
/usr/bin/cc      -rdynamic CMakeFiles/cmTC_f2c8c.dir/CheckSymbolExists.c.o  -o cmTC_f2c8c 
CMakeFiles/cmTC_f2c8c.dir/CheckSymbolExists.c.o: In function `main':
CheckSymbolExists.c:(.text+0x1b): undefined reference to `pthread_create'
collect2: error: ld returned 1 exit status
CMakeFiles/cmTC_f2c8c.dir/build.make:97: recipe for target 'cmTC_f2c8c' failed
make[1]: *** [cmTC_f2c8c] Error 1
make[1]: Leaving directory '/home/vboxuser/mobile_robot_ws/build/mobile_robot/CMakeFiles/CMakeTmp'
Makefile:126: recipe for target 'cmTC_f2c8c/fast' failed
make: *** [cmTC_f2c8c/fast] Error 2

File /home/vboxuser/mobile_robot_ws/build/mobile_robot/CMakeFiles/CMakeTmp/CheckSymbolExists.c:
/* */
#include <pthread.h>

int main(int argc, char** argv)
{
  (void)argv;
#ifndef pthread_create
  return ((int*)(&pthread_create))[argc];
#else
  (void)argc;
  return 0;
#endif
}

Determining if the function pthread_create exists in the pthreads failed with the following output:
Change Dir: /home/vboxuser/mobile_robot_ws/build/mobile_robot/CMakeFiles/CMakeTmp

Run Build Command:"/usr/bin/make" "cmTC_4376e/fast"
/usr/bin/make -f CMakeFiles/cmTC_4376e.dir/build.make CMakeFiles/cmTC_4376e.dir/build
make[1]: Entering directory '/home/vboxuser/mobile_robot_ws/build/mobile_robot/CMakeFiles/CMakeTmp'
Building C object CMakeFiles/cmTC_4376e.dir/CheckFunctionExists.c.o
/usr/bin/cc   -DCHECK_FUNCTION_EXISTS=pthread_create   -o CMakeFiles/cmTC_4376e.dir/CheckFunctionExists.c.o   -c /usr/share/cmake-3.10/Modules/CheckFunctionExists.c
Linking C executable cmTC_4376e
/usr/bin/cmake -E cmake_link_script CMakeFiles/cmTC_4376e.dir/link.txt --verbose=1
/usr/bin/cc  -DCHECK_FUNCTION_EXISTS=pthread_create    -rdynamic CMakeFiles/cmTC_4376e.dir/CheckFunctionExists.c.o  -o cmTC_4376e -lpthreads 
/usr/bin/ld: cannot find -lpthreads
collect2: error: ld returned 1 exit status
CMakeFiles/cmTC_4376e.dir/build.make:97: recipe for target 'cmTC_4376e' failed
make[1]: *** [cmTC_4376e] Error 1
make[1]: Leaving directory '/home/vboxuser/mobile_robot_ws/build/mobile_robot/CMakeFiles/CMakeTmp'
Makefile:126: recipe for target 'cmTC_4376e/fast' failed
make: *** [cmTC_4376e/fast] Error 2


